2026-02-17T10:00:01Z,user1,/api/login,120,200
2026-02-17T10:00:05Z,user2,/api/products,340,200
2026-02-17T10:00:07Z,user3,/api/cart,150,200
2026-02-17T10:00:10Z,user1,/api/login,220,500
2026-02-17T10:00:15Z,user4,/api/products,410,200
2026-02-17T10:00:18Z,user5,/api/orders,890,200
2026-02-17T10:00:20Z,user2,/api/cart,130,200
2026-02-17T10:00:25Z,user6,/api/login,300,401
2026-02-17T10:00:30Z,user7,/api/orders,950,200
2026-02-17T10:00:33Z,user3,/api/products,280,404
2026-02-17T10:00:35Z,user8,/api/search,110,200
2026-02-17T10:00:40Z,user9,/api/search,115,200
2026-02-17T10:00:42Z,user10,/api/products,600,200
2026-02-17T10:00:45Z,user11,/api/orders,1200,500
2026-02-17T10:00:48Z,user12,/api/cart,175,200
2026-02-17T10:00:50Z,user1,/api/search,100,200
2026-02-17T10:00:55Z,user13,/api/products,720,503
2026-02-17T10:01:00Z,user14,/api/login,180,200
2026-02-17T10:01:05Z,user15,/api/orders,980,200
2026-02-17T10:01:10Z,user16,/api/search,130,200
2026-02-17T10:01:15Z,user17,/api/products,450,200
2026-02-17T10:01:20Z,user18,/api/login,160,200
2026-02-17T10:01:25Z,user19,/api/orders,1020,200
2026-02-17T10:01:30Z,user20,/api/cart,140,200
2026-02-17T10:01:35Z,user21,/api/products,380,200
2026-02-17T10:01:40Z,user22,/api/search,105,200
2026-02-17T10:01:45Z,user23,/api/login,210,200
2026-02-17T10:01:50Z,user24,/api/orders,1150,504
2026-02-17T10:01:55Z,user25,/api/products,510,200
2026-02-17T10:02:00Z,user26,/api/cart,160,200
2026-02-17T10:02:05Z,user27,/api/login,190,200
2026-02-17T10:02:10Z,user28,/api/products,520,200
2026-02-17T10:02:15Z,user29,/api/orders,1100,200
2026-02-17T10:02:20Z,user30,/api/cart,170,200
2026-02-17T10:02:25Z,user31,/api/search,125,200
2026-02-17T10:02:30Z,user32,/api/login,240,403
2026-02-17T10:02:35Z,user33,/api/products,480,200
2026-02-17T10:02:40Z,user34,/api/orders,1300,500
2026-02-17T10:02:45Z,user35,/api/cart,155,200
2026-02-17T10:02:50Z,user36,/api/search,140,200
2026-02-17T10:02:55Z,user37,/api/products,390,200
2026-02-17T10:03:00Z,user38,/api/orders,990,200
2026-02-17T10:03:05Z,user39,/api/login,175,200
2026-02-17T10:03:10Z,user40,/api/products,610,404
2026-02-17T10:03:15Z,user41,/api/orders,1180,200
2026-02-17T10:03:20Z,user42,/api/cart,165,200
2026-02-17T10:03:25Z,user43,/api/search,135,200
2026-02-17T10:03:30Z,user44,/api/login,260,200
2026-02-17T10:03:35Z,user45,/api/orders,1400,503
2026-02-17T10:03:40Z,user46,/api/products,455,200
2026-02-17T10:04:00Z,user47,/api/login,180,200
2026-02-17T10:04:01Z,user48,/api/products,520,200
2026-02-17T10:04:02Z,user49,/api/orders,1050,500
2026-02-17T10:04:03Z,user50,/api/cart,160,200
2026-02-17T10:04:04Z,user51,/api/search,130,200
2026-02-17T10:04:05Z,user52,/api/profile,210,200
2026-02-17T10:04:06Z,user53,/api/logout,90,200
2026-02-17T10:04:07Z,user54,/api/recommendations,450,200
2026-02-17T10:04:08Z,user55,/api/checkout,700,200
2026-02-17T10:04:09Z,user56,/api/payments,980,502
2026-02-17T10:04:10Z,user57,/api/inventory,400,200
2026-02-17T10:04:11Z,user58,/api/reviews,350,200
2026-02-17T10:04:12Z,user59,/api/notifications,140,200
2026-02-17T10:04:13Z,user60,/api/messages,175,200
2026-02-17T10:04:14Z,user61,/api/settings,200,200
2026-02-17T10:04:15Z,user62,/api/analytics,1150,503
2026-02-17T10:04:16Z,user63,/api/support,600,200
2026-02-17T10:04:17Z,user64,/api/wishlist,220,200
2026-02-17T10:05:00Z,user65,/api/login,180,200
2026-02-17T10:05:01Z,user66,/api/products,520,200
2026-02-17T10:05:02Z,user67,/api/orders,1050,500
2026-02-17T10:05:03Z,user68,/api/cart,160,200
2026-02-17T10:05:04Z,user69,/api/search,130,200
2026-02-17T10:05:05Z,user70,/api/profile,210,200
2026-02-17T10:05:06Z,user71,/api/logout,90,200
2026-02-17T10:05:07Z,user72,/api/recommendations,450,200
2026-02-17T10:05:08Z,user73,/api/checkout,700,200
2026-02-17T10:05:09Z,user74,/api/payments,980,502
2026-02-17T10:05:10Z,user75,/api/inventory,400,200
2026-02-17T10:05:11Z,user76,/api/reviews,350,200
2026-02-17T10:05:12Z,user77,/api/notifications,140,200
2026-02-17T10:05:13Z,user78,/api/messages,175,200
2026-02-17T10:05:14Z,user79,/api/settings,200,200
2026-02-17T10:05:15Z,user80,/api/analytics,1150,503
2026-02-17T10:05:16Z,user81,/api/support,600,200
2026-02-17T10:05:17Z,user82,/api/wishlist,220,200
2026-02-17T10:29:00Z,user497,/api/login,195,200
2026-02-17T10:29:01Z,user498,/api/products,540,200
2026-02-17T10:29:02Z,user499,/api/orders,1120,200
2026-02-17T10:29:03Z,user500,/api/cart,165,200
2026-02-17T10:29:04Z,user501,/api/search,120,200
2026-02-17T10:29:05Z,user502,/api/profile,225,200
2026-02-17T10:29:06Z,user503,/api/logout,95,200
2026-02-17T10:29:07Z,user504,/api/recommendations,470,200
2026-02-17T10:29:08Z,user505,/api/checkout,720,200
2026-02-17T10:29:09Z,user506,/api/payments,1020,500
2026-02-17T10:29:10Z,user507,/api/inventory,410,200
2026-02-17T10:29:11Z,user508,/api/reviews,365,200
2026-02-17T10:29:12Z,user509,/api/notifications,150,200
2026-02-17T10:29:13Z,user510,/api/messages,180,200
2026-02-17T10:29:14Z,user511,/api/settings,205,200
2026-02-17T10:29:15Z,user512,/api/analytics,1180,503
2026-02-17T10:29:16Z,user513,/api/support,610,200
2026-02-17T10:29:17Z,user514,/api/wishlist,230,200
2026-02-17T10:29:18Z,user515,/api/login,260,401
2026-02-17T10:29:19Z,user516,/api/products,480,404
2026-02-17T10:29:20Z,user517,/api/orders,1350,500
2026-02-17T10:29:21Z,user518,/api/cart,155,200
2026-02-17T10:29:22Z,user519,/api/search,140,200
2026-02-17T10:29:23Z,user520,/api/profile,240,200
2026-02-17T10:29:24Z,user521,/api/checkout,760,200
2026-02-17T10:29:25Z,user522,/api/payments,990,200
2026-02-17T10:29:26Z,user523,/api/inventory,420,200
2026-02-17T10:29:27Z,user524,/api/reviews,380,200
2026-02-17T10:29:28Z,user525,/api/notifications,160,200
2026-02-17T10:29:29Z,user526,/api/messages,190,200
2026-02-17T10:29:30Z,user527,/api/settings,210,200
2026-02-17T10:29:31Z,user528,/api/analytics,1250,500
2026-02-17T10:29:32Z,user529,/api/support,630,200
2026-02-17T10:29:33Z,user530,/api/wishlist,245,200
2026-02-17T10:29:34Z,user531,/api/login,175,200
2026-02-17T10:29:35Z,user532,/api/products,560,200
2026-02-17T10:29:36Z,user533,/api/orders,1420,503
2026-02-17T10:29:37Z,user534,/api/cart,170,200
2026-02-17T10:29:38Z,user535,/api/search,135,200
2026-02-17T10:29:39Z,user536,/api/profile,215,200
2026-02-17T10:29:40Z,user537,/api/checkout,800,200
2026-02-17T10:29:41Z,user538,/api/payments,1010,502
2026-02-17T10:29:42Z,user539,/api/inventory,430,200
2026-02-17T10:29:43Z,user540,/api/reviews,390,200
2026-02-17T10:29:44Z,user541,/api/notifications,155,200
2026-02-17T10:29:45Z,user542,/api/messages,200,200
2026-02-17T10:29:46Z,user543,/api/settings,220,200
2026-02-17T10:29:47Z,user544,/api/analytics,1300,504
2026-02-17T10:29:48Z,user545,/api/support,650,200
2026-02-17T10:29:49Z,user546,/api/wishlist,260,200